<?xml version="1.0" encoding="UTF-8"?>
<testng-results skipped="0" failed="0" total="2" passed="2">
  <reporter-output>
  </reporter-output>
  <suite name="Default suite" duration-ms="10336" started-at="2016-01-07T13:33:32Z" finished-at="2016-01-07T13:33:43Z">
    <groups>
    </groups>
    <test name="Default test" duration-ms="10336" started-at="2016-01-07T13:33:32Z" finished-at="2016-01-07T13:33:43Z">
      <class name="TestNG.Gmail_TestNG">
        <test-method status="PASS" signature="openConnection()[pri:0, instance:TestNG.Gmail_TestNG@2f7c7260]" name="openConnection" is-config="true" duration-ms="10" started-at="2016-01-07T19:03:32Z" finished-at="2016-01-07T19:03:32Z">
          <reporter-output>
          </reporter-output>
        </test-method> <!-- openConnection -->
        <test-method status="PASS" signature="openBrowser()[pri:0, instance:TestNG.Gmail_TestNG@2f7c7260]" name="openBrowser" is-config="true" duration-ms="3789" started-at="2016-01-07T19:03:32Z" finished-at="2016-01-07T19:03:36Z">
          <reporter-output>
          </reporter-output>
        </test-method> <!-- openBrowser -->
        <test-method status="PASS" signature="testLogin()[pri:0, instance:TestNG.Gmail_TestNG@2f7c7260]" name="testLogin" duration-ms="4" started-at="2016-01-07T19:03:36Z" finished-at="2016-01-07T19:03:36Z">
          <reporter-output>
          </reporter-output>
        </test-method> <!-- testLogin -->
        <test-method status="PASS" signature="closeBrowser()[pri:0, instance:TestNG.Gmail_TestNG@2f7c7260]" name="closeBrowser" is-config="true" duration-ms="1529" started-at="2016-01-07T19:03:36Z" finished-at="2016-01-07T19:03:38Z">
          <reporter-output>
          </reporter-output>
        </test-method> <!-- closeBrowser -->
        <test-method status="PASS" signature="openBrowser()[pri:0, instance:TestNG.Gmail_TestNG@2f7c7260]" name="openBrowser" is-config="true" duration-ms="3298" started-at="2016-01-07T19:03:38Z" finished-at="2016-01-07T19:03:41Z">
          <reporter-output>
          </reporter-output>
        </test-method> <!-- openBrowser -->
        <test-method status="PASS" signature="testRegister()[pri:0, instance:TestNG.Gmail_TestNG@2f7c7260]" name="testRegister" duration-ms="1" started-at="2016-01-07T19:03:41Z" finished-at="2016-01-07T19:03:41Z">
          <reporter-output>
          </reporter-output>
        </test-method> <!-- testRegister -->
        <test-method status="PASS" signature="closeBrowser()[pri:0, instance:TestNG.Gmail_TestNG@2f7c7260]" name="closeBrowser" is-config="true" duration-ms="1682" started-at="2016-01-07T19:03:41Z" finished-at="2016-01-07T19:03:43Z">
          <reporter-output>
          </reporter-output>
        </test-method> <!-- closeBrowser -->
        <test-method status="PASS" signature="closeConnection()[pri:0, instance:TestNG.Gmail_TestNG@2f7c7260]" name="closeConnection" is-config="true" duration-ms="0" started-at="2016-01-07T19:03:43Z" finished-at="2016-01-07T19:03:43Z">
          <reporter-output>
          </reporter-output>
        </test-method> <!-- closeConnection -->
      </class> <!-- TestNG.Gmail_TestNG -->
    </test> <!-- Default test -->
  </suite> <!-- Default suite -->
</testng-results>
